<?xml version="1.0" encoding="UTF-8" ?>
<testsuite errors="0" failures="0" hostname="Misaka-PC" name="com.work.RestfulLectureServiceTest" skipped="0" tests="2" time="0.011" timestamp="2018-05-08T04:04:29">
  <properties>
[...]
</properties>
  <testcase classname="com.work.RestfulLectureServiceTest" name="selectLecture" time="0.001" />
  <testcase classname="com.work.RestfulLectureServiceTest" name="insertLecture" time="0.002" />
  <system-out><![CDATA[Restful insert method
]]></system-out>
  <system-err><![CDATA[]]></system-err>
</testsuite>
